2023-03-25 23:11:46,194 [Worker-2: Loading available Gradle versions] INFO  o.e.b.c.i.u.g.PublishedGradleVersions - Gradle version information cache is up-to-date. Trying to read.
2023-03-25 23:12:10,622 [Worker-24: Update Maven projects configuration] INFO  o.e.m.c.i.p.ProjectConfigurationManager - Update started
2023-03-25 23:12:13,569 [Worker-24: Update Maven projects configuration] INFO  o.e.m.c.i.l.LifecycleMappingFactory - Using org.eclipse.m2e.jdt.JarLifecycleMapping lifecycle mapping for MavenProject: com.aryan:chatsphere:0.0.1-SNAPSHOT @ C:\Users\sarya\OneDrive\Desktop\PROJECTS\chatsphere\chatsphere\pom.xml.
2023-03-25 23:12:19,224 [main] INFO  o.e.m2e.actions.ExecutePomAction - Creating new launch configuration
2023-03-25 23:12:20,568 [Worker-24: Update Maven projects configuration] INFO  o.e.m.j.i.AbstractJavaProjectConfigurator - Adding source folder /chatsphere/src/main/java
2023-03-25 23:12:20,570 [Worker-24: Update Maven projects configuration] INFO  o.e.m.j.i.AbstractJavaProjectConfigurator - Adding resource folder /chatsphere/src/main/resources
2023-03-25 23:12:20,576 [Worker-24: Update Maven projects configuration] INFO  o.e.m.j.i.AbstractJavaProjectConfigurator - Adding resource folder /chatsphere/src/main/resources
2023-03-25 23:12:20,590 [Worker-24: Update Maven projects configuration] INFO  o.e.m.j.i.AbstractJavaProjectConfigurator - Adding source folder /chatsphere/src/test/java
2023-03-25 23:12:20,825 [Worker-4: Download sources and javadoc] INFO  o.e.m.c.i.e.AbstractTransferListenerAdapter - Downloading https://repo.maven.apache.org/maven2/org/springframework/boot/spring-boot-starter-web/2.7.10/spring-boot-starter-web-2.7.10-sources.jar
2023-03-25 23:12:20,882 [Worker-4: Download sources and javadoc] INFO  o.e.m.c.i.e.AbstractTransferListenerAdapter - Downloaded https://repo.maven.apache.org/maven2/org/springframework/boot/spring-boot-starter-web/2.7.10/spring-boot-starter-web-2.7.10-sources.jar
2023-03-25 23:12:20,885 [Worker-4: Download sources and javadoc] INFO  o.e.m.j.internal.DownloadSourcesJob - Downloaded sources for org.springframework.boot:spring-boot-starter-web:2.7.10
2023-03-25 23:12:21,000 [Worker-4: Download sources and javadoc] INFO  o.e.m.c.i.e.AbstractTransferListenerAdapter - Downloading https://repo.maven.apache.org/maven2/org/springframework/boot/spring-boot-starter/2.7.10/spring-boot-starter-2.7.10-sources.jar
2023-03-25 23:12:21,064 [Worker-4: Download sources and javadoc] INFO  o.e.m.c.i.e.AbstractTransferListenerAdapter - Downloaded https://repo.maven.apache.org/maven2/org/springframework/boot/spring-boot-starter/2.7.10/spring-boot-starter-2.7.10-sources.jar
2023-03-25 23:12:21,067 [Worker-4: Download sources and javadoc] INFO  o.e.m.j.internal.DownloadSourcesJob - Downloaded sources for org.springframework.boot:spring-boot-starter:2.7.10
2023-03-25 23:12:21,163 [Worker-4: Download sources and javadoc] INFO  o.e.m.c.i.e.AbstractTransferListenerAdapter - Downloading https://repo.maven.apache.org/maven2/org/springframework/boot/spring-boot/2.7.10/spring-boot-2.7.10-sources.jar
2023-03-25 23:12:21,342 [Worker-4: Download sources and javadoc] INFO  o.e.m.c.i.e.AbstractTransferListenerAdapter - Downloaded https://repo.maven.apache.org/maven2/org/springframework/boot/spring-boot/2.7.10/spring-boot-2.7.10-sources.jar
2023-03-25 23:12:21,347 [Worker-4: Download sources and javadoc] INFO  o.e.m.j.internal.DownloadSourcesJob - Downloaded sources for org.springframework.boot:spring-boot:2.7.10
2023-03-25 23:12:21,458 [Worker-4: Download sources and javadoc] INFO  o.e.m.c.i.e.AbstractTransferListenerAdapter - Downloading https://repo.maven.apache.org/maven2/org/springframework/boot/spring-boot-starter-logging/2.7.10/spring-boot-starter-logging-2.7.10-sources.jar
2023-03-25 23:12:21,648 [Worker-4: Download sources and javadoc] INFO  o.e.m.c.i.e.AbstractTransferListenerAdapter - Downloaded https://repo.maven.apache.org/maven2/org/springframework/boot/spring-boot-starter-logging/2.7.10/spring-boot-starter-logging-2.7.10-sources.jar
2023-03-25 23:12:21,653 [Worker-4: Download sources and javadoc] INFO  o.e.m.j.internal.DownloadSourcesJob - Downloaded sources for org.springframework.boot:spring-boot-starter-logging:2.7.10
2023-03-25 23:12:21,775 [Worker-4: Download sources and javadoc] INFO  o.e.m.c.i.e.AbstractTransferListenerAdapter - Downloading https://repo.maven.apache.org/maven2/org/springframework/boot/spring-boot-starter-json/2.7.10/spring-boot-starter-json-2.7.10-sources.jar
2023-03-25 23:12:21,849 [Worker-4: Download sources and javadoc] INFO  o.e.m.c.i.e.AbstractTransferListenerAdapter - Downloaded https://repo.maven.apache.org/maven2/org/springframework/boot/spring-boot-starter-json/2.7.10/spring-boot-starter-json-2.7.10-sources.jar
2023-03-25 23:12:21,854 [Worker-4: Download sources and javadoc] INFO  o.e.m.j.internal.DownloadSourcesJob - Downloaded sources for org.springframework.boot:spring-boot-starter-json:2.7.10
2023-03-25 23:12:21,951 [Worker-4: Download sources and javadoc] INFO  o.e.m.c.i.e.AbstractTransferListenerAdapter - Downloading https://repo.maven.apache.org/maven2/org/springframework/boot/spring-boot-starter-tomcat/2.7.10/spring-boot-starter-tomcat-2.7.10-sources.jar
2023-03-25 23:12:22,027 [Worker-4: Download sources and javadoc] INFO  o.e.m.c.i.e.AbstractTransferListenerAdapter - Downloaded https://repo.maven.apache.org/maven2/org/springframework/boot/spring-boot-starter-tomcat/2.7.10/spring-boot-starter-tomcat-2.7.10-sources.jar
2023-03-25 23:12:22,032 [Worker-4: Download sources and javadoc] INFO  o.e.m.j.internal.DownloadSourcesJob - Downloaded sources for org.springframework.boot:spring-boot-starter-tomcat:2.7.10
2023-03-25 23:12:22,146 [Worker-4: Download sources and javadoc] INFO  o.e.m.c.i.e.AbstractTransferListenerAdapter - Downloading https://repo.maven.apache.org/maven2/org/apache/tomcat/embed/tomcat-embed-core/9.0.73/tomcat-embed-core-9.0.73-sources.jar
2023-03-25 23:12:22,413 [Worker-24: Update Maven projects configuration] INFO  o.e.m.c.i.p.ProjectConfigurationManager - Update completed for 1 poms: local refresh takes 0.00 sec, refresh facades takes 9.00 sec, update config takes 2.00 sec 
2023-03-25 23:12:22,446 [Worker-4: Download sources and javadoc] INFO  o.e.m.c.i.e.AbstractTransferListenerAdapter - Downloaded https://repo.maven.apache.org/maven2/org/apache/tomcat/embed/tomcat-embed-core/9.0.73/tomcat-embed-core-9.0.73-sources.jar
2023-03-25 23:12:22,450 [Worker-4: Download sources and javadoc] INFO  o.e.m.j.internal.DownloadSourcesJob - Downloaded sources for org.apache.tomcat.embed:tomcat-embed-core:9.0.73
2023-03-25 23:12:22,582 [Worker-4: Download sources and javadoc] INFO  o.e.m.c.i.e.AbstractTransferListenerAdapter - Downloading https://repo.maven.apache.org/maven2/org/apache/tomcat/embed/tomcat-embed-el/9.0.73/tomcat-embed-el-9.0.73-sources.jar
2023-03-25 23:12:22,691 [Worker-4: Download sources and javadoc] INFO  o.e.m.c.i.e.AbstractTransferListenerAdapter - Downloaded https://repo.maven.apache.org/maven2/org/apache/tomcat/embed/tomcat-embed-el/9.0.73/tomcat-embed-el-9.0.73-sources.jar
2023-03-25 23:12:22,697 [Worker-4: Download sources and javadoc] INFO  o.e.m.j.internal.DownloadSourcesJob - Downloaded sources for org.apache.tomcat.embed:tomcat-embed-el:9.0.73
2023-03-25 23:12:22,799 [Worker-4: Download sources and javadoc] INFO  o.e.m.c.i.e.AbstractTransferListenerAdapter - Downloading https://repo.maven.apache.org/maven2/org/apache/tomcat/embed/tomcat-embed-websocket/9.0.73/tomcat-embed-websocket-9.0.73-sources.jar
2023-03-25 23:12:22,922 [Worker-4: Download sources and javadoc] INFO  o.e.m.c.i.e.AbstractTransferListenerAdapter - Downloaded https://repo.maven.apache.org/maven2/org/apache/tomcat/embed/tomcat-embed-websocket/9.0.73/tomcat-embed-websocket-9.0.73-sources.jar
2023-03-25 23:12:22,925 [Worker-4: Download sources and javadoc] INFO  o.e.m.j.internal.DownloadSourcesJob - Downloaded sources for org.apache.tomcat.embed:tomcat-embed-websocket:9.0.73
2023-03-25 23:12:23,019 [Worker-4: Download sources and javadoc] INFO  o.e.m.c.i.e.AbstractTransferListenerAdapter - Downloading https://repo.maven.apache.org/maven2/org/springframework/spring-web/5.3.26/spring-web-5.3.26-sources.jar
2023-03-25 23:12:23,219 [Worker-4: Download sources and javadoc] INFO  o.e.m.c.i.e.AbstractTransferListenerAdapter - Downloaded https://repo.maven.apache.org/maven2/org/springframework/spring-web/5.3.26/spring-web-5.3.26-sources.jar
2023-03-25 23:12:23,225 [Worker-4: Download sources and javadoc] INFO  o.e.m.j.internal.DownloadSourcesJob - Downloaded sources for org.springframework:spring-web:5.3.26
2023-03-25 23:12:23,317 [Worker-4: Download sources and javadoc] INFO  o.e.m.c.i.e.AbstractTransferListenerAdapter - Downloading https://repo.maven.apache.org/maven2/org/springframework/spring-beans/5.3.26/spring-beans-5.3.26-sources.jar
2023-03-25 23:12:23,469 [Worker-4: Download sources and javadoc] INFO  o.e.m.c.i.e.AbstractTransferListenerAdapter - Downloaded https://repo.maven.apache.org/maven2/org/springframework/spring-beans/5.3.26/spring-beans-5.3.26-sources.jar
2023-03-25 23:12:23,474 [Worker-4: Download sources and javadoc] INFO  o.e.m.j.internal.DownloadSourcesJob - Downloaded sources for org.springframework:spring-beans:5.3.26
2023-03-25 23:12:23,664 [Worker-4: Download sources and javadoc] INFO  o.e.m.c.i.e.AbstractTransferListenerAdapter - Downloading https://repo.maven.apache.org/maven2/org/springframework/spring-webmvc/5.3.26/spring-webmvc-5.3.26-sources.jar
2023-03-25 23:12:23,825 [Worker-4: Download sources and javadoc] INFO  o.e.m.c.i.e.AbstractTransferListenerAdapter - Downloaded https://repo.maven.apache.org/maven2/org/springframework/spring-webmvc/5.3.26/spring-webmvc-5.3.26-sources.jar
2023-03-25 23:12:23,831 [Worker-4: Download sources and javadoc] INFO  o.e.m.j.internal.DownloadSourcesJob - Downloaded sources for org.springframework:spring-webmvc:5.3.26
2023-03-25 23:12:23,935 [Worker-4: Download sources and javadoc] INFO  o.e.m.c.i.e.AbstractTransferListenerAdapter - Downloading https://repo.maven.apache.org/maven2/org/springframework/spring-aop/5.3.26/spring-aop-5.3.26-sources.jar
2023-03-25 23:12:24,047 [Worker-4: Download sources and javadoc] INFO  o.e.m.c.i.e.AbstractTransferListenerAdapter - Downloaded https://repo.maven.apache.org/maven2/org/springframework/spring-aop/5.3.26/spring-aop-5.3.26-sources.jar
2023-03-25 23:12:24,053 [Worker-4: Download sources and javadoc] INFO  o.e.m.j.internal.DownloadSourcesJob - Downloaded sources for org.springframework:spring-aop:5.3.26
2023-03-25 23:12:24,185 [Worker-4: Download sources and javadoc] INFO  o.e.m.c.i.e.AbstractTransferListenerAdapter - Downloading https://repo.maven.apache.org/maven2/org/springframework/spring-context/5.3.26/spring-context-5.3.26-sources.jar
2023-03-25 23:12:24,369 [Worker-4: Download sources and javadoc] INFO  o.e.m.c.i.e.AbstractTransferListenerAdapter - Downloaded https://repo.maven.apache.org/maven2/org/springframework/spring-context/5.3.26/spring-context-5.3.26-sources.jar
2023-03-25 23:12:24,373 [Worker-4: Download sources and javadoc] INFO  o.e.m.j.internal.DownloadSourcesJob - Downloaded sources for org.springframework:spring-context:5.3.26
2023-03-25 23:12:24,501 [Worker-4: Download sources and javadoc] INFO  o.e.m.c.i.e.AbstractTransferListenerAdapter - Downloading https://repo.maven.apache.org/maven2/org/springframework/spring-expression/5.3.26/spring-expression-5.3.26-sources.jar
2023-03-25 23:12:24,648 [Worker-4: Download sources and javadoc] INFO  o.e.m.c.i.e.AbstractTransferListenerAdapter - Downloaded https://repo.maven.apache.org/maven2/org/springframework/spring-expression/5.3.26/spring-expression-5.3.26-sources.jar
2023-03-25 23:12:24,657 [Worker-4: Download sources and javadoc] INFO  o.e.m.j.internal.DownloadSourcesJob - Downloaded sources for org.springframework:spring-expression:5.3.26
2023-03-25 23:12:24,808 [Worker-4: Download sources and javadoc] INFO  o.e.m.c.i.e.AbstractTransferListenerAdapter - Downloaded https://repo.maven.apache.org/maven2/com/vaadin/vaadin-spring-boot-starter/23.3.8/vaadin-spring-boot-starter-23.3.8-sources.jar
2023-03-25 23:12:24,820 [Worker-4: Download sources and javadoc] ERROR o.e.m.j.internal.DownloadSourcesJob - Could not download sources for com.vaadin:vaadin-spring-boot-starter:23.3.8
org.eclipse.core.runtime.CoreException: Could not resolve artifact com.vaadin:vaadin-spring-boot-starter:jar:sources:23.3.8
	at org.eclipse.m2e.core.internal.embedder.MavenImpl.lambda$6(MavenImpl.java:587)
	at org.eclipse.m2e.core.internal.embedder.MavenExecutionContext.executeBare(MavenExecutionContext.java:364)
	at org.eclipse.m2e.core.internal.embedder.MavenExecutionContext.execute(MavenExecutionContext.java:227)
	at org.eclipse.m2e.core.internal.embedder.MavenExecutionContext.execute(MavenExecutionContext.java:213)
	at org.eclipse.m2e.core.internal.embedder.MavenImpl.resolve(MavenImpl.java:556)
	at org.eclipse.m2e.core.internal.embedder.MavenImpl.resolve(MavenImpl.java:541)
	at org.eclipse.m2e.jdt.internal.DownloadSourcesJob.download(DownloadSourcesJob.java:308)
	at org.eclipse.m2e.jdt.internal.DownloadSourcesJob.downloadAttachments(DownloadSourcesJob.java:282)
	at org.eclipse.m2e.jdt.internal.DownloadSourcesJob.downloadMaven(DownloadSourcesJob.java:252)
	at org.eclipse.m2e.jdt.internal.DownloadSourcesJob.downloadFilesAndPopulateToUpdate(DownloadSourcesJob.java:220)
	at org.eclipse.m2e.jdt.internal.DownloadSourcesJob.lambda$0(DownloadSourcesJob.java:149)
	at org.eclipse.m2e.core.internal.embedder.MavenExecutionContext.executeBare(MavenExecutionContext.java:364)
	at org.eclipse.m2e.core.internal.embedder.MavenExecutionContext.execute(MavenExecutionContext.java:274)
	at org.eclipse.m2e.core.internal.embedder.MavenExecutionContext.execute(MavenExecutionContext.java:213)
	at org.eclipse.m2e.core.embedder.IMaven.execute(IMaven.java:294)
	at org.eclipse.m2e.jdt.internal.DownloadSourcesJob.run(DownloadSourcesJob.java:149)
	at org.eclipse.core.internal.jobs.Worker.run(Worker.java:63)
2023-03-25 23:12:24,924 [Worker-4: Download sources and javadoc] INFO  o.e.m.c.i.e.AbstractTransferListenerAdapter - Downloading https://repo.maven.apache.org/maven2/com/vaadin/vaadin-spring/23.3.5/vaadin-spring-23.3.5-sources.jar
2023-03-25 23:12:24,997 [Worker-4: Download sources and javadoc] INFO  o.e.m.c.i.e.AbstractTransferListenerAdapter - Downloaded https://repo.maven.apache.org/maven2/com/vaadin/vaadin-spring/23.3.5/vaadin-spring-23.3.5-sources.jar
2023-03-25 23:12:25,002 [Worker-4: Download sources and javadoc] INFO  o.e.m.j.internal.DownloadSourcesJob - Downloaded sources for com.vaadin:vaadin-spring:23.3.5
2023-03-25 23:12:25,096 [Worker-4: Download sources and javadoc] INFO  o.e.m.c.i.e.AbstractTransferListenerAdapter - Downloading https://repo.maven.apache.org/maven2/commons-fileupload/commons-fileupload/1.5/commons-fileupload-1.5-sources.jar
2023-03-25 23:12:25,181 [Worker-4: Download sources and javadoc] INFO  o.e.m.c.i.e.AbstractTransferListenerAdapter - Downloaded https://repo.maven.apache.org/maven2/commons-fileupload/commons-fileupload/1.5/commons-fileupload-1.5-sources.jar
2023-03-25 23:12:25,185 [Worker-4: Download sources and javadoc] INFO  o.e.m.j.internal.DownloadSourcesJob - Downloaded sources for commons-fileupload:commons-fileupload:1.5
2023-03-25 23:12:25,290 [Worker-4: Download sources and javadoc] INFO  o.e.m.c.i.e.AbstractTransferListenerAdapter - Downloaded https://repo.maven.apache.org/maven2/com/vaadin/flow-push/23.3.5/flow-push-23.3.5-sources.jar
2023-03-25 23:12:25,294 [Worker-4: Download sources and javadoc] ERROR o.e.m.j.internal.DownloadSourcesJob - Could not download sources for com.vaadin:flow-push:23.3.5
org.eclipse.core.runtime.CoreException: Could not resolve artifact com.vaadin:flow-push:jar:sources:23.3.5
	at org.eclipse.m2e.core.internal.embedder.MavenImpl.lambda$6(MavenImpl.java:587)
	at org.eclipse.m2e.core.internal.embedder.MavenExecutionContext.executeBare(MavenExecutionContext.java:364)
	at org.eclipse.m2e.core.internal.embedder.MavenExecutionContext.execute(MavenExecutionContext.java:227)
	at org.eclipse.m2e.core.internal.embedder.MavenExecutionContext.execute(MavenExecutionContext.java:213)
	at org.eclipse.m2e.core.internal.embedder.MavenImpl.resolve(MavenImpl.java:556)
	at org.eclipse.m2e.core.internal.embedder.MavenImpl.resolve(MavenImpl.java:541)
	at org.eclipse.m2e.jdt.internal.DownloadSourcesJob.download(DownloadSourcesJob.java:308)
	at org.eclipse.m2e.jdt.internal.DownloadSourcesJob.downloadAttachments(DownloadSourcesJob.java:282)
	at org.eclipse.m2e.jdt.internal.DownloadSourcesJob.downloadMaven(DownloadSourcesJob.java:252)
	at org.eclipse.m2e.jdt.internal.DownloadSourcesJob.downloadFilesAndPopulateToUpdate(DownloadSourcesJob.java:220)
	at org.eclipse.m2e.jdt.internal.DownloadSourcesJob.lambda$0(DownloadSourcesJob.java:149)
	at org.eclipse.m2e.core.internal.embedder.MavenExecutionContext.executeBare(MavenExecutionContext.java:364)
	at org.eclipse.m2e.core.internal.embedder.MavenExecutionContext.execute(MavenExecutionContext.java:274)
	at org.eclipse.m2e.core.internal.embedder.MavenExecutionContext.execute(MavenExecutionContext.java:213)
	at org.eclipse.m2e.core.embedder.IMaven.execute(IMaven.java:294)
	at org.eclipse.m2e.jdt.internal.DownloadSourcesJob.run(DownloadSourcesJob.java:149)
	at org.eclipse.core.internal.jobs.Worker.run(Worker.java:63)
2023-03-25 23:12:25,416 [Worker-4: Download sources and javadoc] INFO  o.e.m.c.i.e.AbstractTransferListenerAdapter - Downloading https://repo.maven.apache.org/maven2/com/vaadin/flow-client/23.3.5/flow-client-23.3.5-sources.jar
2023-03-25 23:12:25,604 [Worker-4: Download sources and javadoc] INFO  o.e.m.c.i.e.AbstractTransferListenerAdapter - Downloaded https://repo.maven.apache.org/maven2/com/vaadin/flow-client/23.3.5/flow-client-23.3.5-sources.jar
2023-03-25 23:12:25,608 [Worker-4: Download sources and javadoc] INFO  o.e.m.j.internal.DownloadSourcesJob - Downloaded sources for com.vaadin:flow-client:23.3.5
2023-03-25 23:12:25,736 [Worker-4: Download sources and javadoc] INFO  o.e.m.c.i.e.AbstractTransferListenerAdapter - Downloading https://repo.maven.apache.org/maven2/org/springframework/spring-websocket/5.3.26/spring-websocket-5.3.26-sources.jar
2023-03-25 23:12:25,935 [Worker-4: Download sources and javadoc] INFO  o.e.m.c.i.e.AbstractTransferListenerAdapter - Downloaded https://repo.maven.apache.org/maven2/org/springframework/spring-websocket/5.3.26/spring-websocket-5.3.26-sources.jar
2023-03-25 23:12:25,939 [Worker-4: Download sources and javadoc] INFO  o.e.m.j.internal.DownloadSourcesJob - Downloaded sources for org.springframework:spring-websocket:5.3.26
2023-03-25 23:12:26,084 [Worker-4: Download sources and javadoc] INFO  o.e.m.c.i.e.AbstractTransferListenerAdapter - Downloaded https://repo.maven.apache.org/maven2/com/vaadin/vaadin-core/23.3.8/vaadin-core-23.3.8-sources.jar
2023-03-25 23:12:26,088 [Worker-4: Download sources and javadoc] ERROR o.e.m.j.internal.DownloadSourcesJob - Could not download sources for com.vaadin:vaadin-core:23.3.8
org.eclipse.core.runtime.CoreException: Could not resolve artifact com.vaadin:vaadin-core:jar:sources:23.3.8
	at org.eclipse.m2e.core.internal.embedder.MavenImpl.lambda$6(MavenImpl.java:587)
	at org.eclipse.m2e.core.internal.embedder.MavenExecutionContext.executeBare(MavenExecutionContext.java:364)
	at org.eclipse.m2e.core.internal.embedder.MavenExecutionContext.execute(MavenExecutionContext.java:227)
	at org.eclipse.m2e.core.internal.embedder.MavenExecutionContext.execute(MavenExecutionContext.java:213)
	at org.eclipse.m2e.core.internal.embedder.MavenImpl.resolve(MavenImpl.java:556)
	at org.eclipse.m2e.core.internal.embedder.MavenImpl.resolve(MavenImpl.java:541)
	at org.eclipse.m2e.jdt.internal.DownloadSourcesJob.download(DownloadSourcesJob.java:308)
	at org.eclipse.m2e.jdt.internal.DownloadSourcesJob.downloadAttachments(DownloadSourcesJob.java:282)
	at org.eclipse.m2e.jdt.internal.DownloadSourcesJob.downloadMaven(DownloadSourcesJob.java:252)
	at org.eclipse.m2e.jdt.internal.DownloadSourcesJob.downloadFilesAndPopulateToUpdate(DownloadSourcesJob.java:220)
	at org.eclipse.m2e.jdt.internal.DownloadSourcesJob.lambda$0(DownloadSourcesJob.java:149)
	at org.eclipse.m2e.core.internal.embedder.MavenExecutionContext.executeBare(MavenExecutionContext.java:364)
	at org.eclipse.m2e.core.internal.embedder.MavenExecutionContext.execute(MavenExecutionContext.java:274)
	at org.eclipse.m2e.core.internal.embedder.MavenExecutionContext.execute(MavenExecutionContext.java:213)
	at org.eclipse.m2e.core.embedder.IMaven.execute(IMaven.java:294)
	at org.eclipse.m2e.jdt.internal.DownloadSourcesJob.run(DownloadSourcesJob.java:149)
	at org.eclipse.core.internal.jobs.Worker.run(Worker.java:63)
2023-03-25 23:12:26,214 [Worker-4: Download sources and javadoc] INFO  o.e.m.c.i.e.AbstractTransferListenerAdapter - Downloading https://repo.maven.apache.org/maven2/com/vaadin/vaadin-dev-server/23.3.5/vaadin-dev-server-23.3.5-sources.jar
2023-03-25 23:12:26,304 [Worker-4: Download sources and javadoc] INFO  o.e.m.c.i.e.AbstractTransferListenerAdapter - Downloaded https://repo.maven.apache.org/maven2/com/vaadin/vaadin-dev-server/23.3.5/vaadin-dev-server-23.3.5-sources.jar
2023-03-25 23:12:26,308 [Worker-4: Download sources and javadoc] INFO  o.e.m.j.internal.DownloadSourcesJob - Downloaded sources for com.vaadin:vaadin-dev-server:23.3.5
2023-03-25 23:12:26,465 [Worker-4: Download sources and javadoc] INFO  o.e.m.c.i.e.AbstractTransferListenerAdapter - Downloading https://repo.maven.apache.org/maven2/com/vaadin/license-checker/1.12.0/license-checker-1.12.0-sources.jar
2023-03-25 23:12:26,759 [Worker-4: Download sources and javadoc] INFO  o.e.m.c.i.e.AbstractTransferListenerAdapter - Downloaded https://repo.maven.apache.org/maven2/com/vaadin/license-checker/1.12.0/license-checker-1.12.0-sources.jar
2023-03-25 23:12:26,765 [Worker-4: Download sources and javadoc] INFO  o.e.m.j.internal.DownloadSourcesJob - Downloaded sources for com.vaadin:license-checker:1.12.0
2023-03-25 23:12:26,863 [Worker-4: Download sources and javadoc] INFO  o.e.m.c.i.e.AbstractTransferListenerAdapter - Downloading https://repo.maven.apache.org/maven2/com/github/oshi/oshi-core/6.4.0/oshi-core-6.4.0-sources.jar
2023-03-25 23:12:26,991 [Worker-4: Download sources and javadoc] INFO  o.e.m.c.i.e.AbstractTransferListenerAdapter - Downloaded https://repo.maven.apache.org/maven2/com/github/oshi/oshi-core/6.4.0/oshi-core-6.4.0-sources.jar
2023-03-25 23:12:26,996 [Worker-4: Download sources and javadoc] INFO  o.e.m.j.internal.DownloadSourcesJob - Downloaded sources for com.github.oshi:oshi-core:6.4.0
2023-03-25 23:12:27,099 [Worker-4: Download sources and javadoc] INFO  o.e.m.c.i.e.AbstractTransferListenerAdapter - Downloading https://repo.maven.apache.org/maven2/net/java/dev/jna/jna/5.12.1/jna-5.12.1-sources.jar
2023-03-25 23:12:27,202 [Worker-4: Download sources and javadoc] INFO  o.e.m.c.i.e.AbstractTransferListenerAdapter - Downloaded https://repo.maven.apache.org/maven2/net/java/dev/jna/jna/5.12.1/jna-5.12.1-sources.jar
2023-03-25 23:12:27,208 [Worker-4: Download sources and javadoc] INFO  o.e.m.j.internal.DownloadSourcesJob - Downloaded sources for net.java.dev.jna:jna:5.12.1
2023-03-25 23:12:27,328 [Worker-4: Download sources and javadoc] INFO  o.e.m.c.i.e.AbstractTransferListenerAdapter - Downloading https://repo.maven.apache.org/maven2/net/java/dev/jna/jna-platform/5.12.1/jna-platform-5.12.1-sources.jar
2023-03-25 23:12:27,486 [Worker-4: Download sources and javadoc] INFO  o.e.m.c.i.e.AbstractTransferListenerAdapter - Downloaded https://repo.maven.apache.org/maven2/net/java/dev/jna/jna-platform/5.12.1/jna-platform-5.12.1-sources.jar
2023-03-25 23:12:27,491 [Worker-4: Download sources and javadoc] INFO  o.e.m.j.internal.DownloadSourcesJob - Downloaded sources for net.java.dev.jna:jna-platform:5.12.1
2023-03-25 23:12:27,625 [Worker-4: Download sources and javadoc] INFO  o.e.m.c.i.e.AbstractTransferListenerAdapter - Downloading https://repo.maven.apache.org/maven2/com/vaadin/flow-lit-template/23.3.5/flow-lit-template-23.3.5-sources.jar
2023-03-25 23:12:27,804 [Worker-4: Download sources and javadoc] INFO  o.e.m.c.i.e.AbstractTransferListenerAdapter - Downloaded https://repo.maven.apache.org/maven2/com/vaadin/flow-lit-template/23.3.5/flow-lit-template-23.3.5-sources.jar
2023-03-25 23:12:27,809 [Worker-4: Download sources and javadoc] INFO  o.e.m.j.internal.DownloadSourcesJob - Downloaded sources for com.vaadin:flow-lit-template:23.3.5
2023-03-25 23:12:27,927 [Worker-4: Download sources and javadoc] INFO  o.e.m.c.i.e.AbstractTransferListenerAdapter - Downloading https://repo.maven.apache.org/maven2/com/vaadin/flow-polymer-template/23.3.5/flow-polymer-template-23.3.5-sources.jar
2023-03-25 23:12:28,060 [Worker-4: Download sources and javadoc] INFO  o.e.m.c.i.e.AbstractTransferListenerAdapter - Downloaded https://repo.maven.apache.org/maven2/com/vaadin/flow-polymer-template/23.3.5/flow-polymer-template-23.3.5-sources.jar
2023-03-25 23:12:28,066 [Worker-4: Download sources and javadoc] INFO  o.e.m.j.internal.DownloadSourcesJob - Downloaded sources for com.vaadin:flow-polymer-template:23.3.5
2023-03-25 23:12:28,189 [Worker-4: Download sources and javadoc] INFO  o.e.m.c.i.e.AbstractTransferListenerAdapter - Downloading https://repo.maven.apache.org/maven2/com/vaadin/flow-html-components/23.3.5/flow-html-components-23.3.5-sources.jar
2023-03-25 23:12:28,613 [Worker-4: Download sources and javadoc] INFO  o.e.m.c.i.e.AbstractTransferListenerAdapter - Downloaded https://repo.maven.apache.org/maven2/com/vaadin/flow-html-components/23.3.5/flow-html-components-23.3.5-sources.jar
2023-03-25 23:12:28,617 [Worker-4: Download sources and javadoc] INFO  o.e.m.j.internal.DownloadSourcesJob - Downloaded sources for com.vaadin:flow-html-components:23.3.5
2023-03-25 23:12:28,752 [Worker-4: Download sources and javadoc] INFO  o.e.m.c.i.e.AbstractTransferListenerAdapter - Downloading https://repo.maven.apache.org/maven2/com/vaadin/flow-dnd/23.3.5/flow-dnd-23.3.5-sources.jar
2023-03-25 23:12:28,940 [Worker-4: Download sources and javadoc] INFO  o.e.m.c.i.e.AbstractTransferListenerAdapter - Downloaded https://repo.maven.apache.org/maven2/com/vaadin/flow-dnd/23.3.5/flow-dnd-23.3.5-sources.jar
2023-03-25 23:12:28,944 [Worker-4: Download sources and javadoc] INFO  o.e.m.j.internal.DownloadSourcesJob - Downloaded sources for com.vaadin:flow-dnd:23.3.5
2023-03-25 23:12:29,072 [Worker-4: Download sources and javadoc] INFO  o.e.m.c.i.e.AbstractTransferListenerAdapter - Downloading https://repo.maven.apache.org/maven2/com/vaadin/vaadin-lumo-theme/23.3.8/vaadin-lumo-theme-23.3.8-sources.jar
2023-03-25 23:12:29,210 [Worker-4: Download sources and javadoc] INFO  o.e.m.c.i.e.AbstractTransferListenerAdapter - Downloaded https://repo.maven.apache.org/maven2/com/vaadin/vaadin-lumo-theme/23.3.8/vaadin-lumo-theme-23.3.8-sources.jar
2023-03-25 23:12:29,215 [Worker-4: Download sources and javadoc] INFO  o.e.m.j.internal.DownloadSourcesJob - Downloaded sources for com.vaadin:vaadin-lumo-theme:23.3.8
2023-03-25 23:12:29,333 [Worker-4: Download sources and javadoc] INFO  o.e.m.c.i.e.AbstractTransferListenerAdapter - Downloading https://repo.maven.apache.org/maven2/com/vaadin/vaadin-material-theme/23.3.8/vaadin-material-theme-23.3.8-sources.jar
2023-03-25 23:12:29,443 [Worker-4: Download sources and javadoc] INFO  o.e.m.c.i.e.AbstractTransferListenerAdapter - Downloaded https://repo.maven.apache.org/maven2/com/vaadin/vaadin-material-theme/23.3.8/vaadin-material-theme-23.3.8-sources.jar
2023-03-25 23:12:29,448 [Worker-4: Download sources and javadoc] INFO  o.e.m.j.internal.DownloadSourcesJob - Downloaded sources for com.vaadin:vaadin-material-theme:23.3.8
2023-03-25 23:12:29,582 [Worker-4: Download sources and javadoc] INFO  o.e.m.c.i.e.AbstractTransferListenerAdapter - Downloading https://repo.maven.apache.org/maven2/com/vaadin/vaadin-accordion-flow/23.3.8/vaadin-accordion-flow-23.3.8-sources.jar
2023-03-25 23:12:29,703 [Worker-4: Download sources and javadoc] INFO  o.e.m.c.i.e.AbstractTransferListenerAdapter - Downloaded https://repo.maven.apache.org/maven2/com/vaadin/vaadin-accordion-flow/23.3.8/vaadin-accordion-flow-23.3.8-sources.jar
2023-03-25 23:12:29,708 [Worker-4: Download sources and javadoc] INFO  o.e.m.j.internal.DownloadSourcesJob - Downloaded sources for com.vaadin:vaadin-accordion-flow:23.3.8
2023-03-25 23:12:29,843 [Worker-4: Download sources and javadoc] INFO  o.e.m.c.i.e.AbstractTransferListenerAdapter - Downloading https://repo.maven.apache.org/maven2/com/vaadin/vaadin-avatar-flow/23.3.8/vaadin-avatar-flow-23.3.8-sources.jar
2023-03-25 23:12:30,012 [Worker-4: Download sources and javadoc] INFO  o.e.m.c.i.e.AbstractTransferListenerAdapter - Downloaded https://repo.maven.apache.org/maven2/com/vaadin/vaadin-avatar-flow/23.3.8/vaadin-avatar-flow-23.3.8-sources.jar
2023-03-25 23:12:30,017 [Worker-4: Download sources and javadoc] INFO  o.e.m.j.internal.DownloadSourcesJob - Downloaded sources for com.vaadin:vaadin-avatar-flow:23.3.8
2023-03-25 23:12:30,138 [Worker-4: Download sources and javadoc] INFO  o.e.m.c.i.e.AbstractTransferListenerAdapter - Downloading https://repo.maven.apache.org/maven2/com/vaadin/vaadin-flow-components-base/23.3.8/vaadin-flow-components-base-23.3.8-sources.jar
2023-03-25 23:12:30,385 [Worker-4: Download sources and javadoc] INFO  o.e.m.c.i.e.AbstractTransferListenerAdapter - Downloaded https://repo.maven.apache.org/maven2/com/vaadin/vaadin-flow-components-base/23.3.8/vaadin-flow-components-base-23.3.8-sources.jar
2023-03-25 23:12:30,390 [Worker-4: Download sources and javadoc] INFO  o.e.m.j.internal.DownloadSourcesJob - Downloaded sources for com.vaadin:vaadin-flow-components-base:23.3.8
2023-03-25 23:12:30,548 [Worker-4: Download sources and javadoc] INFO  o.e.m.c.i.e.AbstractTransferListenerAdapter - Downloading https://repo.maven.apache.org/maven2/com/vaadin/vaadin-checkbox-flow/23.3.8/vaadin-checkbox-flow-23.3.8-sources.jar
2023-03-25 23:12:30,751 [Worker-4: Download sources and javadoc] INFO  o.e.m.c.i.e.AbstractTransferListenerAdapter - Downloaded https://repo.maven.apache.org/maven2/com/vaadin/vaadin-checkbox-flow/23.3.8/vaadin-checkbox-flow-23.3.8-sources.jar
2023-03-25 23:12:30,756 [Worker-4: Download sources and javadoc] INFO  o.e.m.j.internal.DownloadSourcesJob - Downloaded sources for com.vaadin:vaadin-checkbox-flow:23.3.8
2023-03-25 23:12:30,880 [Worker-4: Download sources and javadoc] INFO  o.e.m.c.i.e.AbstractTransferListenerAdapter - Downloading https://repo.maven.apache.org/maven2/com/vaadin/vaadin-combo-box-flow/23.3.8/vaadin-combo-box-flow-23.3.8-sources.jar
2023-03-25 23:12:31,186 [Worker-4: Download sources and javadoc] INFO  o.e.m.c.i.e.AbstractTransferListenerAdapter - Downloaded https://repo.maven.apache.org/maven2/com/vaadin/vaadin-combo-box-flow/23.3.8/vaadin-combo-box-flow-23.3.8-sources.jar
2023-03-25 23:12:31,190 [Worker-4: Download sources and javadoc] INFO  o.e.m.j.internal.DownloadSourcesJob - Downloaded sources for com.vaadin:vaadin-combo-box-flow:23.3.8
2023-03-25 23:12:31,310 [Worker-4: Download sources and javadoc] INFO  o.e.m.c.i.e.AbstractTransferListenerAdapter - Downloading https://repo.maven.apache.org/maven2/com/vaadin/vaadin-confirm-dialog-flow/23.3.8/vaadin-confirm-dialog-flow-23.3.8-sources.jar
2023-03-25 23:12:31,411 [Worker-4: Download sources and javadoc] INFO  o.e.m.c.i.e.AbstractTransferListenerAdapter - Downloaded https://repo.maven.apache.org/maven2/com/vaadin/vaadin-confirm-dialog-flow/23.3.8/vaadin-confirm-dialog-flow-23.3.8-sources.jar
2023-03-25 23:12:31,414 [Worker-4: Download sources and javadoc] INFO  o.e.m.j.internal.DownloadSourcesJob - Downloaded sources for com.vaadin:vaadin-confirm-dialog-flow:23.3.8
2023-03-25 23:12:31,531 [Worker-4: Download sources and javadoc] INFO  o.e.m.c.i.e.AbstractTransferListenerAdapter - Downloading https://repo.maven.apache.org/maven2/com/vaadin/vaadin-custom-field-flow/23.3.8/vaadin-custom-field-flow-23.3.8-sources.jar
2023-03-25 23:12:31,654 [Worker-4: Download sources and javadoc] INFO  o.e.m.c.i.e.AbstractTransferListenerAdapter - Downloaded https://repo.maven.apache.org/maven2/com/vaadin/vaadin-custom-field-flow/23.3.8/vaadin-custom-field-flow-23.3.8-sources.jar
2023-03-25 23:12:31,658 [Worker-4: Download sources and javadoc] INFO  o.e.m.j.internal.DownloadSourcesJob - Downloaded sources for com.vaadin:vaadin-custom-field-flow:23.3.8
2023-03-25 23:12:32,076 [Worker-4: Download sources and javadoc] INFO  o.e.m.c.i.e.AbstractTransferListenerAdapter - Downloading https://repo.maven.apache.org/maven2/com/vaadin/vaadin-date-picker-flow/23.3.8/vaadin-date-picker-flow-23.3.8-sources.jar
2023-03-25 23:12:32,396 [Worker-4: Download sources and javadoc] INFO  o.e.m.c.i.e.AbstractTransferListenerAdapter - Downloaded https://repo.maven.apache.org/maven2/com/vaadin/vaadin-date-picker-flow/23.3.8/vaadin-date-picker-flow-23.3.8-sources.jar
2023-03-25 23:12:32,400 [Worker-4: Download sources and javadoc] INFO  o.e.m.j.internal.DownloadSourcesJob - Downloaded sources for com.vaadin:vaadin-date-picker-flow:23.3.8
2023-03-25 23:12:32,520 [Worker-4: Download sources and javadoc] INFO  o.e.m.c.i.e.AbstractTransferListenerAdapter - Downloading https://repo.maven.apache.org/maven2/com/vaadin/vaadin-date-time-picker-flow/23.3.8/vaadin-date-time-picker-flow-23.3.8-sources.jar
2023-03-25 23:12:32,651 [Worker-4: Download sources and javadoc] INFO  o.e.m.c.i.e.AbstractTransferListenerAdapter - Downloaded https://repo.maven.apache.org/maven2/com/vaadin/vaadin-date-time-picker-flow/23.3.8/vaadin-date-time-picker-flow-23.3.8-sources.jar
2023-03-25 23:12:32,655 [Worker-4: Download sources and javadoc] INFO  o.e.m.j.internal.DownloadSourcesJob - Downloaded sources for com.vaadin:vaadin-date-time-picker-flow:23.3.8
2023-03-25 23:12:32,790 [Worker-4: Download sources and javadoc] INFO  o.e.m.c.i.e.AbstractTransferListenerAdapter - Downloading https://repo.maven.apache.org/maven2/com/vaadin/vaadin-details-flow/23.3.8/vaadin-details-flow-23.3.8-sources.jar
2023-03-25 23:12:32,896 [Worker-4: Download sources and javadoc] INFO  o.e.m.c.i.e.AbstractTransferListenerAdapter - Downloaded https://repo.maven.apache.org/maven2/com/vaadin/vaadin-details-flow/23.3.8/vaadin-details-flow-23.3.8-sources.jar
2023-03-25 23:12:32,899 [Worker-4: Download sources and javadoc] INFO  o.e.m.j.internal.DownloadSourcesJob - Downloaded sources for com.vaadin:vaadin-details-flow:23.3.8
2023-03-25 23:12:33,021 [Worker-4: Download sources and javadoc] INFO  o.e.m.c.i.e.AbstractTransferListenerAdapter - Downloading https://repo.maven.apache.org/maven2/com/vaadin/vaadin-time-picker-flow/23.3.8/vaadin-time-picker-flow-23.3.8-sources.jar
2023-03-25 23:12:33,179 [Worker-4: Download sources and javadoc] INFO  o.e.m.c.i.e.AbstractTransferListenerAdapter - Downloaded https://repo.maven.apache.org/maven2/com/vaadin/vaadin-time-picker-flow/23.3.8/vaadin-time-picker-flow-23.3.8-sources.jar
2023-03-25 23:12:33,182 [Worker-4: Download sources and javadoc] INFO  o.e.m.j.internal.DownloadSourcesJob - Downloaded sources for com.vaadin:vaadin-time-picker-flow:23.3.8
2023-03-25 23:12:33,293 [Worker-4: Download sources and javadoc] INFO  o.e.m.c.i.e.AbstractTransferListenerAdapter - Downloading https://repo.maven.apache.org/maven2/com/vaadin/vaadin-select-flow/23.3.8/vaadin-select-flow-23.3.8-sources.jar
2023-03-25 23:12:33,449 [Worker-4: Download sources and javadoc] INFO  o.e.m.c.i.e.AbstractTransferListenerAdapter - Downloaded https://repo.maven.apache.org/maven2/com/vaadin/vaadin-select-flow/23.3.8/vaadin-select-flow-23.3.8-sources.jar
2023-03-25 23:12:33,452 [Worker-4: Download sources and javadoc] INFO  o.e.m.j.internal.DownloadSourcesJob - Downloaded sources for com.vaadin:vaadin-select-flow:23.3.8
2023-03-25 23:12:33,550 [Worker-4: Download sources and javadoc] INFO  o.e.m.c.i.e.AbstractTransferListenerAdapter - Downloading https://repo.maven.apache.org/maven2/com/vaadin/vaadin-dialog-flow/23.3.8/vaadin-dialog-flow-23.3.8-sources.jar
2023-03-25 23:12:33,667 [Worker-4: Download sources and javadoc] INFO  o.e.m.c.i.e.AbstractTransferListenerAdapter - Downloaded https://repo.maven.apache.org/maven2/com/vaadin/vaadin-dialog-flow/23.3.8/vaadin-dialog-flow-23.3.8-sources.jar
2023-03-25 23:12:33,670 [Worker-4: Download sources and javadoc] INFO  o.e.m.j.internal.DownloadSourcesJob - Downloaded sources for com.vaadin:vaadin-dialog-flow:23.3.8
2023-03-25 23:12:33,789 [Worker-4: Download sources and javadoc] INFO  o.e.m.c.i.e.AbstractTransferListenerAdapter - Downloading https://repo.maven.apache.org/maven2/com/vaadin/vaadin-form-layout-flow/23.3.8/vaadin-form-layout-flow-23.3.8-sources.jar
2023-03-25 23:12:33,908 [Worker-4: Download sources and javadoc] INFO  o.e.m.c.i.e.AbstractTransferListenerAdapter - Downloaded https://repo.maven.apache.org/maven2/com/vaadin/vaadin-form-layout-flow/23.3.8/vaadin-form-layout-flow-23.3.8-sources.jar
2023-03-25 23:12:33,913 [Worker-4: Download sources and javadoc] INFO  o.e.m.j.internal.DownloadSourcesJob - Downloaded sources for com.vaadin:vaadin-form-layout-flow:23.3.8
2023-03-25 23:12:34,036 [Worker-4: Download sources and javadoc] INFO  o.e.m.c.i.e.AbstractTransferListenerAdapter - Downloading https://repo.maven.apache.org/maven2/com/vaadin/vaadin-field-highlighter-flow/23.3.8/vaadin-field-highlighter-flow-23.3.8-sources.jar
2023-03-25 23:12:34,164 [Worker-4: Download sources and javadoc] INFO  o.e.m.c.i.e.AbstractTransferListenerAdapter - Downloaded https://repo.maven.apache.org/maven2/com/vaadin/vaadin-field-highlighter-flow/23.3.8/vaadin-field-highlighter-flow-23.3.8-sources.jar
2023-03-25 23:12:34,169 [Worker-4: Download sources and javadoc] INFO  o.e.m.j.internal.DownloadSourcesJob - Downloaded sources for com.vaadin:vaadin-field-highlighter-flow:23.3.8
2023-03-25 23:12:34,295 [Worker-4: Download sources and javadoc] INFO  o.e.m.c.i.e.AbstractTransferListenerAdapter - Downloading https://repo.maven.apache.org/maven2/com/vaadin/vaadin-icons-flow/23.3.8/vaadin-icons-flow-23.3.8-sources.jar
2023-03-25 23:12:34,447 [Worker-4: Download sources and javadoc] INFO  o.e.m.c.i.e.AbstractTransferListenerAdapter - Downloaded https://repo.maven.apache.org/maven2/com/vaadin/vaadin-icons-flow/23.3.8/vaadin-icons-flow-23.3.8-sources.jar
2023-03-25 23:12:34,453 [Worker-4: Download sources and javadoc] INFO  o.e.m.j.internal.DownloadSourcesJob - Downloaded sources for com.vaadin:vaadin-icons-flow:23.3.8
2023-03-25 23:12:34,561 [Worker-11: Launching chatsphere] INFO  o.eclipse.m2e.core.internal.Bundles - getClasspathEntries(Bundle=org.eclipse.m2e.maven.runtime_3.8.604.20221130-2149 [267])
2023-03-25 23:12:34,580 [Worker-11: Launching chatsphere] INFO  o.eclipse.m2e.core.internal.Bundles - 	Entry: C:\Users\sarya\.p2\pool\plugins\org.eclipse.m2e.maven.runtime_3.8.604.20221130-2149
2023-03-25 23:12:34,582 [Worker-11: Launching chatsphere] INFO  o.eclipse.m2e.core.internal.Bundles - 	Entry: C:\Users\sarya\.p2\pool\plugins\org.eclipse.m2e.maven.runtime_3.8.604.20221130-2149\jars\aether-connector-okhttp-0.17.8.jar
2023-03-25 23:12:34,582 [Worker-11: Launching chatsphere] INFO  o.eclipse.m2e.core.internal.Bundles - 	Entry: C:\Users\sarya\.p2\pool\plugins\org.eclipse.m2e.maven.runtime_3.8.604.20221130-2149\jars\commons-cli-1.4.jar
2023-03-25 23:12:34,583 [Worker-11: Launching chatsphere] INFO  o.eclipse.m2e.core.internal.Bundles - 	Entry: C:\Users\sarya\.p2\pool\plugins\org.eclipse.m2e.maven.runtime_3.8.604.20221130-2149\jars\commons-io-2.6.jar
2023-03-25 23:12:34,583 [Worker-11: Launching chatsphere] INFO  o.eclipse.m2e.core.internal.Bundles - 	Entry: C:\Users\sarya\.p2\pool\plugins\org.eclipse.m2e.maven.runtime_3.8.604.20221130-2149\jars\commons-lang3-3.8.1.jar
2023-03-25 23:12:34,583 [Worker-11: Launching chatsphere] INFO  o.eclipse.m2e.core.internal.Bundles - 	Entry: C:\Users\sarya\.p2\pool\plugins\org.eclipse.m2e.maven.runtime_3.8.604.20221130-2149\jars\guice-4.2.2-no_aop.jar
2023-03-25 23:12:34,584 [Worker-11: Launching chatsphere] INFO  o.eclipse.m2e.core.internal.Bundles - 	Entry: C:\Users\sarya\.p2\pool\plugins\org.eclipse.m2e.maven.runtime_3.8.604.20221130-2149\jars\jansi-2.4.0.jar
2023-03-25 23:12:34,584 [Worker-11: Launching chatsphere] INFO  o.eclipse.m2e.core.internal.Bundles - 	Entry: C:\Users\sarya\.p2\pool\plugins\org.eclipse.m2e.maven.runtime_3.8.604.20221130-2149\jars\maven-artifact-3.8.6.jar
2023-03-25 23:12:34,584 [Worker-11: Launching chatsphere] INFO  o.eclipse.m2e.core.internal.Bundles - 	Entry: C:\Users\sarya\.p2\pool\plugins\org.eclipse.m2e.maven.runtime_3.8.604.20221130-2149\jars\maven-builder-support-3.8.6.jar
2023-03-25 23:12:34,585 [Worker-11: Launching chatsphere] INFO  o.eclipse.m2e.core.internal.Bundles - 	Entry: C:\Users\sarya\.p2\pool\plugins\org.eclipse.m2e.maven.runtime_3.8.604.20221130-2149\jars\maven-compat-3.8.6.jar
2023-03-25 23:12:34,585 [Worker-11: Launching chatsphere] INFO  o.eclipse.m2e.core.internal.Bundles - 	Entry: C:\Users\sarya\.p2\pool\plugins\org.eclipse.m2e.maven.runtime_3.8.604.20221130-2149\jars\maven-core-3.8.6.jar
2023-03-25 23:12:34,585 [Worker-11: Launching chatsphere] INFO  o.eclipse.m2e.core.internal.Bundles - 	Entry: C:\Users\sarya\.p2\pool\plugins\org.eclipse.m2e.maven.runtime_3.8.604.20221130-2149\jars\maven-embedder-3.8.6.jar
2023-03-25 23:12:34,586 [Worker-11: Launching chatsphere] INFO  o.eclipse.m2e.core.internal.Bundles - 	Entry: C:\Users\sarya\.p2\pool\plugins\org.eclipse.m2e.maven.runtime_3.8.604.20221130-2149\jars\maven-model-3.8.6.jar
2023-03-25 23:12:34,586 [Worker-11: Launching chatsphere] INFO  o.eclipse.m2e.core.internal.Bundles - 	Entry: C:\Users\sarya\.p2\pool\plugins\org.eclipse.m2e.maven.runtime_3.8.604.20221130-2149\jars\maven-model-builder-3.8.6.jar
2023-03-25 23:12:34,586 [Worker-11: Launching chatsphere] INFO  o.eclipse.m2e.core.internal.Bundles - 	Entry: C:\Users\sarya\.p2\pool\plugins\org.eclipse.m2e.maven.runtime_3.8.604.20221130-2149\jars\maven-plugin-api-3.8.6.jar
2023-03-25 23:12:34,586 [Worker-11: Launching chatsphere] INFO  o.eclipse.m2e.core.internal.Bundles - 	Entry: C:\Users\sarya\.p2\pool\plugins\org.eclipse.m2e.maven.runtime_3.8.604.20221130-2149\jars\maven-repository-metadata-3.8.6.jar
2023-03-25 23:12:34,586 [Worker-11: Launching chatsphere] INFO  o.eclipse.m2e.core.internal.Bundles - 	Entry: C:\Users\sarya\.p2\pool\plugins\org.eclipse.m2e.maven.runtime_3.8.604.20221130-2149\jars\maven-resolver-api-1.6.3.jar
2023-03-25 23:12:34,586 [Worker-11: Launching chatsphere] INFO  o.eclipse.m2e.core.internal.Bundles - 	Entry: C:\Users\sarya\.p2\pool\plugins\org.eclipse.m2e.maven.runtime_3.8.604.20221130-2149\jars\maven-resolver-connector-basic-1.6.3.jar
2023-03-25 23:12:34,587 [Worker-11: Launching chatsphere] INFO  o.eclipse.m2e.core.internal.Bundles - 	Entry: C:\Users\sarya\.p2\pool\plugins\org.eclipse.m2e.maven.runtime_3.8.604.20221130-2149\jars\maven-resolver-impl-1.6.3.jar
2023-03-25 23:12:34,587 [Worker-11: Launching chatsphere] INFO  o.eclipse.m2e.core.internal.Bundles - 	Entry: C:\Users\sarya\.p2\pool\plugins\org.eclipse.m2e.maven.runtime_3.8.604.20221130-2149\jars\maven-resolver-provider-3.8.6.jar
2023-03-25 23:12:34,587 [Worker-11: Launching chatsphere] INFO  o.eclipse.m2e.core.internal.Bundles - 	Entry: C:\Users\sarya\.p2\pool\plugins\org.eclipse.m2e.maven.runtime_3.8.604.20221130-2149\jars\maven-resolver-spi-1.6.3.jar
2023-03-25 23:12:34,587 [Worker-11: Launching chatsphere] INFO  o.eclipse.m2e.core.internal.Bundles - 	Entry: C:\Users\sarya\.p2\pool\plugins\org.eclipse.m2e.maven.runtime_3.8.604.20221130-2149\jars\maven-resolver-transport-wagon-1.6.3.jar
2023-03-25 23:12:34,587 [Worker-11: Launching chatsphere] INFO  o.eclipse.m2e.core.internal.Bundles - 	Entry: C:\Users\sarya\.p2\pool\plugins\org.eclipse.m2e.maven.runtime_3.8.604.20221130-2149\jars\maven-resolver-util-1.6.3.jar
2023-03-25 23:12:34,587 [Worker-11: Launching chatsphere] INFO  o.eclipse.m2e.core.internal.Bundles - 	Entry: C:\Users\sarya\.p2\pool\plugins\org.eclipse.m2e.maven.runtime_3.8.604.20221130-2149\jars\maven-settings-3.8.6.jar
2023-03-25 23:12:34,587 [Worker-11: Launching chatsphere] INFO  o.eclipse.m2e.core.internal.Bundles - 	Entry: C:\Users\sarya\.p2\pool\plugins\org.eclipse.m2e.maven.runtime_3.8.604.20221130-2149\jars\maven-settings-builder-3.8.6.jar
2023-03-25 23:12:34,588 [Worker-11: Launching chatsphere] INFO  o.eclipse.m2e.core.internal.Bundles - 	Entry: C:\Users\sarya\.p2\pool\plugins\org.eclipse.m2e.maven.runtime_3.8.604.20221130-2149\jars\maven-shared-utils-3.3.4.jar
2023-03-25 23:12:34,588 [Worker-11: Launching chatsphere] INFO  o.eclipse.m2e.core.internal.Bundles - 	Entry: C:\Users\sarya\.p2\pool\plugins\org.eclipse.m2e.maven.runtime_3.8.604.20221130-2149\jars\okhttp-3.14.1.jar
2023-03-25 23:12:34,588 [Worker-11: Launching chatsphere] INFO  o.eclipse.m2e.core.internal.Bundles - 	Entry: C:\Users\sarya\.p2\pool\plugins\org.eclipse.m2e.maven.runtime_3.8.604.20221130-2149\jars\okio-1.17.3.jar
2023-03-25 23:12:34,588 [Worker-11: Launching chatsphere] INFO  o.eclipse.m2e.core.internal.Bundles - 	Entry: C:\Users\sarya\.p2\pool\plugins\org.eclipse.m2e.maven.runtime_3.8.604.20221130-2149\jars\org.eclipse.sisu.inject-0.3.5.jar
2023-03-25 23:12:34,589 [Worker-11: Launching chatsphere] INFO  o.eclipse.m2e.core.internal.Bundles - 	Entry: C:\Users\sarya\.p2\pool\plugins\org.eclipse.m2e.maven.runtime_3.8.604.20221130-2149\jars\org.eclipse.sisu.plexus-0.3.5.jar
2023-03-25 23:12:34,589 [Worker-11: Launching chatsphere] INFO  o.eclipse.m2e.core.internal.Bundles - 	Entry: C:\Users\sarya\.p2\pool\plugins\org.eclipse.m2e.maven.runtime_3.8.604.20221130-2149\jars\plexus-build-api-0.0.7.jar
2023-03-25 23:12:34,589 [Worker-11: Launching chatsphere] INFO  o.eclipse.m2e.core.internal.Bundles - 	Entry: C:\Users\sarya\.p2\pool\plugins\org.eclipse.m2e.maven.runtime_3.8.604.20221130-2149\jars\plexus-cipher-2.0.jar
2023-03-25 23:12:34,589 [Worker-11: Launching chatsphere] INFO  o.eclipse.m2e.core.internal.Bundles - 	Entry: C:\Users\sarya\.p2\pool\plugins\org.eclipse.m2e.maven.runtime_3.8.604.20221130-2149\jars\plexus-classworlds-2.6.0.jar
2023-03-25 23:12:34,589 [Worker-11: Launching chatsphere] INFO  o.eclipse.m2e.core.internal.Bundles - 	Entry: C:\Users\sarya\.p2\pool\plugins\org.eclipse.m2e.maven.runtime_3.8.604.20221130-2149\jars\plexus-component-annotations-2.1.0.jar
2023-03-25 23:12:34,589 [Worker-11: Launching chatsphere] INFO  o.eclipse.m2e.core.internal.Bundles - 	Entry: C:\Users\sarya\.p2\pool\plugins\org.eclipse.m2e.maven.runtime_3.8.604.20221130-2149\jars\plexus-interpolation-1.26.jar
2023-03-25 23:12:34,590 [Worker-11: Launching chatsphere] INFO  o.eclipse.m2e.core.internal.Bundles - 	Entry: C:\Users\sarya\.p2\pool\plugins\org.eclipse.m2e.maven.runtime_3.8.604.20221130-2149\jars\plexus-sec-dispatcher-2.0.jar
2023-03-25 23:12:34,590 [Worker-11: Launching chatsphere] INFO  o.eclipse.m2e.core.internal.Bundles - 	Entry: C:\Users\sarya\.p2\pool\plugins\org.eclipse.m2e.maven.runtime_3.8.604.20221130-2149\jars\plexus-utils-3.3.1.jar
2023-03-25 23:12:34,591 [Worker-11: Launching chatsphere] INFO  o.eclipse.m2e.core.internal.Bundles - 	Entry: C:\Users\sarya\.p2\pool\plugins\org.eclipse.m2e.maven.runtime_3.8.604.20221130-2149\jars\wagon-file-3.5.1.jar
2023-03-25 23:12:34,591 [Worker-11: Launching chatsphere] INFO  o.eclipse.m2e.core.internal.Bundles - 	Entry: C:\Users\sarya\.p2\pool\plugins\org.eclipse.m2e.maven.runtime_3.8.604.20221130-2149\jars\wagon-provider-api-3.5.1.jar
2023-03-25 23:12:34,596 [Worker-11: Launching chatsphere] INFO  o.eclipse.m2e.core.internal.Bundles - getClasspathEntries(Bundle=com.google.guava_30.1.0.v20221112-0806 [8])
2023-03-25 23:12:34,600 [Worker-11: Launching chatsphere] INFO  o.eclipse.m2e.core.internal.Bundles - 	Entry: C:\Users\sarya\.p2\pool\plugins\com.google.guava_30.1.0.v20221112-0806.jar
2023-03-25 23:12:34,601 [Worker-11: Launching chatsphere] INFO  o.eclipse.m2e.core.internal.Bundles - getClasspathEntries(Bundle=slf4j.api_1.7.36 [431])
2023-03-25 23:12:34,604 [Worker-11: Launching chatsphere] INFO  o.eclipse.m2e.core.internal.Bundles - 	Entry: C:\Users\sarya\.p2\pool\plugins\slf4j.api_1.7.36.jar
2023-03-25 23:12:34,604 [Worker-11: Launching chatsphere] INFO  o.eclipse.m2e.core.internal.Bundles - getClasspathEntries(Bundle=javax.inject_1.0.0.v20220405-0441 [18])
2023-03-25 23:12:34,606 [Worker-11: Launching chatsphere] INFO  o.eclipse.m2e.core.internal.Bundles - 	Entry: C:\Users\sarya\.p2\pool\plugins\javax.inject_1.0.0.v20220405-0441.jar
2023-03-25 23:12:34,607 [Worker-11: Launching chatsphere] INFO  o.eclipse.m2e.core.internal.Bundles - getClasspathEntries(Bundle=javax.annotation_1.3.5.v20221112-0806 [16])
2023-03-25 23:12:34,608 [Worker-11: Launching chatsphere] INFO  o.eclipse.m2e.core.internal.Bundles - 	Entry: C:\Users\sarya\.p2\pool\plugins\javax.annotation_1.3.5.v20221112-0806.jar
2023-03-25 23:12:34,612 [Worker-4: Download sources and javadoc] INFO  o.e.m.c.i.e.AbstractTransferListenerAdapter - Downloading https://repo.maven.apache.org/maven2/com/vaadin/vaadin-iron-list-flow/23.3.8/vaadin-iron-list-flow-23.3.8-sources.jar
2023-03-25 23:12:34,614 [Worker-11: Launching chatsphere] INFO  o.e.m.i.launch.MavenLaunchDelegate - Run build in "C:\Users\sarya\OneDrive\Desktop\PROJECTS\chatsphere\chatsphere":
2023-03-25 23:12:34,621 [Worker-11: Launching chatsphere] INFO  o.e.m.i.launch.MavenLaunchDelegate -  mvn  -B -Dstyle.color=always clean package -Pproduction
2023-03-25 23:12:34,744 [Worker-4: Download sources and javadoc] INFO  o.e.m.c.i.e.AbstractTransferListenerAdapter - Downloaded https://repo.maven.apache.org/maven2/com/vaadin/vaadin-iron-list-flow/23.3.8/vaadin-iron-list-flow-23.3.8-sources.jar
2023-03-25 23:12:34,748 [Worker-4: Download sources and javadoc] INFO  o.e.m.j.internal.DownloadSourcesJob - Downloaded sources for com.vaadin:vaadin-iron-list-flow:23.3.8
2023-03-25 23:12:34,879 [Worker-4: Download sources and javadoc] INFO  o.e.m.c.i.e.AbstractTransferListenerAdapter - Downloading https://repo.maven.apache.org/maven2/com/vaadin/vaadin-virtual-list-flow/23.3.8/vaadin-virtual-list-flow-23.3.8-sources.jar
2023-03-25 23:12:35,005 [Worker-4: Download sources and javadoc] INFO  o.e.m.c.i.e.AbstractTransferListenerAdapter - Downloaded https://repo.maven.apache.org/maven2/com/vaadin/vaadin-virtual-list-flow/23.3.8/vaadin-virtual-list-flow-23.3.8-sources.jar
2023-03-25 23:12:35,009 [Worker-4: Download sources and javadoc] INFO  o.e.m.j.internal.DownloadSourcesJob - Downloaded sources for com.vaadin:vaadin-virtual-list-flow:23.3.8
2023-03-25 23:12:35,142 [Worker-4: Download sources and javadoc] INFO  o.e.m.c.i.e.AbstractTransferListenerAdapter - Downloading https://repo.maven.apache.org/maven2/com/vaadin/vaadin-list-box-flow/23.3.8/vaadin-list-box-flow-23.3.8-sources.jar
2023-03-25 23:12:35,295 [Worker-4: Download sources and javadoc] INFO  o.e.m.c.i.e.AbstractTransferListenerAdapter - Downloaded https://repo.maven.apache.org/maven2/com/vaadin/vaadin-list-box-flow/23.3.8/vaadin-list-box-flow-23.3.8-sources.jar
2023-03-25 23:12:35,299 [Worker-4: Download sources and javadoc] INFO  o.e.m.j.internal.DownloadSourcesJob - Downloaded sources for com.vaadin:vaadin-list-box-flow:23.3.8
2023-03-25 23:12:35,458 [Worker-4: Download sources and javadoc] INFO  o.e.m.c.i.e.AbstractTransferListenerAdapter - Downloading https://repo.maven.apache.org/maven2/com/vaadin/vaadin-login-flow/23.3.8/vaadin-login-flow-23.3.8-sources.jar
2023-03-25 23:12:35,609 [Worker-4: Download sources and javadoc] INFO  o.e.m.c.i.e.AbstractTransferListenerAdapter - Downloaded https://repo.maven.apache.org/maven2/com/vaadin/vaadin-login-flow/23.3.8/vaadin-login-flow-23.3.8-sources.jar
2023-03-25 23:12:35,614 [Worker-4: Download sources and javadoc] INFO  o.e.m.j.internal.DownloadSourcesJob - Downloaded sources for com.vaadin:vaadin-login-flow:23.3.8
2023-03-25 23:12:35,714 [Worker-4: Download sources and javadoc] INFO  o.e.m.c.i.e.AbstractTransferListenerAdapter - Downloading https://repo.maven.apache.org/maven2/com/vaadin/vaadin-messages-flow/23.3.8/vaadin-messages-flow-23.3.8-sources.jar
2023-03-25 23:12:35,853 [Worker-4: Download sources and javadoc] INFO  o.e.m.c.i.e.AbstractTransferListenerAdapter - Downloaded https://repo.maven.apache.org/maven2/com/vaadin/vaadin-messages-flow/23.3.8/vaadin-messages-flow-23.3.8-sources.jar
2023-03-25 23:12:35,857 [Worker-4: Download sources and javadoc] INFO  o.e.m.j.internal.DownloadSourcesJob - Downloaded sources for com.vaadin:vaadin-messages-flow:23.3.8
2023-03-25 23:12:35,982 [Worker-4: Download sources and javadoc] INFO  o.e.m.c.i.e.AbstractTransferListenerAdapter - Downloading https://repo.maven.apache.org/maven2/com/vaadin/vaadin-progress-bar-flow/23.3.8/vaadin-progress-bar-flow-23.3.8-sources.jar
2023-03-25 23:12:36,104 [Worker-4: Download sources and javadoc] INFO  o.e.m.c.i.e.AbstractTransferListenerAdapter - Downloaded https://repo.maven.apache.org/maven2/com/vaadin/vaadin-progress-bar-flow/23.3.8/vaadin-progress-bar-flow-23.3.8-sources.jar
2023-03-25 23:12:36,109 [Worker-4: Download sources and javadoc] INFO  o.e.m.j.internal.DownloadSourcesJob - Downloaded sources for com.vaadin:vaadin-progress-bar-flow:23.3.8
2023-03-25 23:12:36,224 [Worker-4: Download sources and javadoc] INFO  o.e.m.c.i.e.AbstractTransferListenerAdapter - Downloading https://repo.maven.apache.org/maven2/com/vaadin/vaadin-radio-button-flow/23.3.8/vaadin-radio-button-flow-23.3.8-sources.jar
2023-03-25 23:12:36,411 [Worker-4: Download sources and javadoc] INFO  o.e.m.c.i.e.AbstractTransferListenerAdapter - Downloaded https://repo.maven.apache.org/maven2/com/vaadin/vaadin-radio-button-flow/23.3.8/vaadin-radio-button-flow-23.3.8-sources.jar
2023-03-25 23:12:36,415 [Worker-4: Download sources and javadoc] INFO  o.e.m.j.internal.DownloadSourcesJob - Downloaded sources for com.vaadin:vaadin-radio-button-flow:23.3.8
2023-03-25 23:12:36,553 [Worker-4: Download sources and javadoc] INFO  o.e.m.c.i.e.AbstractTransferListenerAdapter - Downloading https://repo.maven.apache.org/maven2/com/vaadin/vaadin-renderer-flow/23.3.8/vaadin-renderer-flow-23.3.8-sources.jar
2023-03-25 23:12:36,840 [Worker-4: Download sources and javadoc] INFO  o.e.m.c.i.e.AbstractTransferListenerAdapter - Downloaded https://repo.maven.apache.org/maven2/com/vaadin/vaadin-renderer-flow/23.3.8/vaadin-renderer-flow-23.3.8-sources.jar
2023-03-25 23:12:36,845 [Worker-4: Download sources and javadoc] INFO  o.e.m.j.internal.DownloadSourcesJob - Downloaded sources for com.vaadin:vaadin-renderer-flow:23.3.8
2023-03-25 23:12:37,000 [Worker-4: Download sources and javadoc] INFO  o.e.m.c.i.e.AbstractTransferListenerAdapter - Downloading https://repo.maven.apache.org/maven2/com/vaadin/vaadin-split-layout-flow/23.3.8/vaadin-split-layout-flow-23.3.8-sources.jar
2023-03-25 23:12:37,128 [Worker-4: Download sources and javadoc] INFO  o.e.m.c.i.e.AbstractTransferListenerAdapter - Downloaded https://repo.maven.apache.org/maven2/com/vaadin/vaadin-split-layout-flow/23.3.8/vaadin-split-layout-flow-23.3.8-sources.jar
2023-03-25 23:12:37,132 [Worker-4: Download sources and javadoc] INFO  o.e.m.j.internal.DownloadSourcesJob - Downloaded sources for com.vaadin:vaadin-split-layout-flow:23.3.8
2023-03-25 23:12:37,270 [Worker-4: Download sources and javadoc] INFO  o.e.m.c.i.e.AbstractTransferListenerAdapter - Downloading https://repo.maven.apache.org/maven2/com/vaadin/vaadin-tabs-flow/23.3.8/vaadin-tabs-flow-23.3.8-sources.jar
2023-03-25 23:12:37,446 [Worker-4: Download sources and javadoc] INFO  o.e.m.c.i.e.AbstractTransferListenerAdapter - Downloaded https://repo.maven.apache.org/maven2/com/vaadin/vaadin-tabs-flow/23.3.8/vaadin-tabs-flow-23.3.8-sources.jar
2023-03-25 23:12:37,452 [Worker-4: Download sources and javadoc] INFO  o.e.m.j.internal.DownloadSourcesJob - Downloaded sources for com.vaadin:vaadin-tabs-flow:23.3.8
2023-03-25 23:12:37,569 [Worker-4: Download sources and javadoc] INFO  o.e.m.c.i.e.AbstractTransferListenerAdapter - Downloading https://repo.maven.apache.org/maven2/com/vaadin/vaadin-upload-flow/23.3.8/vaadin-upload-flow-23.3.8-sources.jar
2023-03-25 23:12:37,954 [Worker-4: Download sources and javadoc] INFO  o.e.m.c.i.e.AbstractTransferListenerAdapter - Downloaded https://repo.maven.apache.org/maven2/com/vaadin/vaadin-upload-flow/23.3.8/vaadin-upload-flow-23.3.8-sources.jar
2023-03-25 23:12:37,959 [Worker-4: Download sources and javadoc] INFO  o.e.m.j.internal.DownloadSourcesJob - Downloaded sources for com.vaadin:vaadin-upload-flow:23.3.8
2023-03-25 23:12:38,100 [Worker-4: Download sources and javadoc] INFO  o.e.m.c.i.e.AbstractTransferListenerAdapter - Downloading https://repo.maven.apache.org/maven2/com/vaadin/vaadin-notification-flow/23.3.8/vaadin-notification-flow-23.3.8-sources.jar
2023-03-25 23:12:38,233 [Worker-4: Download sources and javadoc] INFO  o.e.m.c.i.e.AbstractTransferListenerAdapter - Downloaded https://repo.maven.apache.org/maven2/com/vaadin/vaadin-notification-flow/23.3.8/vaadin-notification-flow-23.3.8-sources.jar
2023-03-25 23:12:38,238 [Worker-4: Download sources and javadoc] INFO  o.e.m.j.internal.DownloadSourcesJob - Downloaded sources for com.vaadin:vaadin-notification-flow:23.3.8
2023-03-25 23:12:38,369 [Worker-4: Download sources and javadoc] INFO  o.e.m.c.i.e.AbstractTransferListenerAdapter - Downloading https://repo.maven.apache.org/maven2/com/vaadin/vaadin-app-layout-flow/23.3.8/vaadin-app-layout-flow-23.3.8-sources.jar
2023-03-25 23:12:38,492 [Worker-4: Download sources and javadoc] INFO  o.e.m.c.i.e.AbstractTransferListenerAdapter - Downloaded https://repo.maven.apache.org/maven2/com/vaadin/vaadin-app-layout-flow/23.3.8/vaadin-app-layout-flow-23.3.8-sources.jar
2023-03-25 23:12:38,498 [Worker-4: Download sources and javadoc] INFO  o.e.m.j.internal.DownloadSourcesJob - Downloaded sources for com.vaadin:vaadin-app-layout-flow:23.3.8
2023-03-25 23:12:38,630 [Worker-4: Download sources and javadoc] INFO  o.e.m.c.i.e.AbstractTransferListenerAdapter - Downloading https://repo.maven.apache.org/maven2/com/vaadin/vaadin-context-menu-flow/23.3.8/vaadin-context-menu-flow-23.3.8-sources.jar
2023-03-25 23:12:39,058 [Worker-4: Download sources and javadoc] INFO  o.e.m.c.i.e.AbstractTransferListenerAdapter - Downloaded https://repo.maven.apache.org/maven2/com/vaadin/vaadin-context-menu-flow/23.3.8/vaadin-context-menu-flow-23.3.8-sources.jar
2023-03-25 23:12:39,062 [Worker-4: Download sources and javadoc] INFO  o.e.m.j.internal.DownloadSourcesJob - Downloaded sources for com.vaadin:vaadin-context-menu-flow:23.3.8
2023-03-25 23:12:39,192 [Worker-4: Download sources and javadoc] INFO  o.e.m.c.i.e.AbstractTransferListenerAdapter - Downloading https://repo.maven.apache.org/maven2/com/vaadin/vaadin-menu-bar-flow/23.3.8/vaadin-menu-bar-flow-23.3.8-sources.jar
2023-03-25 23:12:39,347 [Worker-4: Download sources and javadoc] INFO  o.e.m.c.i.e.AbstractTransferListenerAdapter - Downloaded https://repo.maven.apache.org/maven2/com/vaadin/vaadin-menu-bar-flow/23.3.8/vaadin-menu-bar-flow-23.3.8-sources.jar
2023-03-25 23:12:39,352 [Worker-4: Download sources and javadoc] INFO  o.e.m.j.internal.DownloadSourcesJob - Downloaded sources for com.vaadin:vaadin-menu-bar-flow:23.3.8
2023-03-25 23:12:39,453 [Worker-4: Download sources and javadoc] INFO  o.e.m.c.i.e.AbstractTransferListenerAdapter - Downloading https://repo.maven.apache.org/maven2/org/springframework/boot/spring-boot-starter-test/2.7.10/spring-boot-starter-test-2.7.10-sources.jar
2023-03-25 23:12:39,533 [Worker-4: Download sources and javadoc] INFO  o.e.m.c.i.e.AbstractTransferListenerAdapter - Downloaded https://repo.maven.apache.org/maven2/org/springframework/boot/spring-boot-starter-test/2.7.10/spring-boot-starter-test-2.7.10-sources.jar
2023-03-25 23:12:39,538 [Worker-4: Download sources and javadoc] INFO  o.e.m.j.internal.DownloadSourcesJob - Downloaded sources for org.springframework.boot:spring-boot-starter-test:2.7.10
2023-03-25 23:12:39,657 [Worker-4: Download sources and javadoc] INFO  o.e.m.c.i.e.AbstractTransferListenerAdapter - Downloading https://repo.maven.apache.org/maven2/org/springframework/boot/spring-boot-test/2.7.10/spring-boot-test-2.7.10-sources.jar
2023-03-25 23:12:39,786 [Worker-4: Download sources and javadoc] INFO  o.e.m.c.i.e.AbstractTransferListenerAdapter - Downloaded https://repo.maven.apache.org/maven2/org/springframework/boot/spring-boot-test/2.7.10/spring-boot-test-2.7.10-sources.jar
2023-03-25 23:12:39,791 [Worker-4: Download sources and javadoc] INFO  o.e.m.j.internal.DownloadSourcesJob - Downloaded sources for org.springframework.boot:spring-boot-test:2.7.10
2023-03-25 23:12:39,913 [Worker-4: Download sources and javadoc] INFO  o.e.m.c.i.e.AbstractTransferListenerAdapter - Downloading https://repo.maven.apache.org/maven2/org/springframework/boot/spring-boot-test-autoconfigure/2.7.10/spring-boot-test-autoconfigure-2.7.10-sources.jar
2023-03-25 23:12:40,015 [Worker-4: Download sources and javadoc] INFO  o.e.m.c.i.e.AbstractTransferListenerAdapter - Downloaded https://repo.maven.apache.org/maven2/org/springframework/boot/spring-boot-test-autoconfigure/2.7.10/spring-boot-test-autoconfigure-2.7.10-sources.jar
2023-03-25 23:12:40,018 [Worker-4: Download sources and javadoc] INFO  o.e.m.j.internal.DownloadSourcesJob - Downloaded sources for org.springframework.boot:spring-boot-test-autoconfigure:2.7.10
2023-03-25 23:12:40,115 [Worker-4: Download sources and javadoc] INFO  o.e.m.c.i.e.AbstractTransferListenerAdapter - Downloading https://repo.maven.apache.org/maven2/net/minidev/json-smart/2.4.10/json-smart-2.4.10-sources.jar
2023-03-25 23:12:40,198 [Worker-4: Download sources and javadoc] INFO  o.e.m.c.i.e.AbstractTransferListenerAdapter - Downloaded https://repo.maven.apache.org/maven2/net/minidev/json-smart/2.4.10/json-smart-2.4.10-sources.jar
2023-03-25 23:12:40,203 [Worker-4: Download sources and javadoc] INFO  o.e.m.j.internal.DownloadSourcesJob - Downloaded sources for net.minidev:json-smart:2.4.10
2023-03-25 23:12:40,310 [Worker-4: Download sources and javadoc] INFO  o.e.m.c.i.e.AbstractTransferListenerAdapter - Downloading https://repo.maven.apache.org/maven2/net/minidev/accessors-smart/2.4.9/accessors-smart-2.4.9-sources.jar
2023-03-25 23:12:40,570 [Worker-4: Download sources and javadoc] INFO  o.e.m.c.i.e.AbstractTransferListenerAdapter - Downloaded https://repo.maven.apache.org/maven2/net/minidev/accessors-smart/2.4.9/accessors-smart-2.4.9-sources.jar
2023-03-25 23:12:40,574 [Worker-4: Download sources and javadoc] INFO  o.e.m.j.internal.DownloadSourcesJob - Downloaded sources for net.minidev:accessors-smart:2.4.9
2023-03-25 23:12:40,678 [Worker-4: Download sources and javadoc] INFO  o.e.m.c.i.e.AbstractTransferListenerAdapter - Downloading https://repo.maven.apache.org/maven2/org/ow2/asm/asm/9.3/asm-9.3-sources.jar
2023-03-25 23:12:40,827 [Worker-4: Download sources and javadoc] INFO  o.e.m.c.i.e.AbstractTransferListenerAdapter - Downloaded https://repo.maven.apache.org/maven2/org/ow2/asm/asm/9.3/asm-9.3-sources.jar
2023-03-25 23:12:40,833 [Worker-4: Download sources and javadoc] INFO  o.e.m.j.internal.DownloadSourcesJob - Downloaded sources for org.ow2.asm:asm:9.3
2023-03-25 23:12:40,942 [Worker-4: Download sources and javadoc] INFO  o.e.m.c.i.e.AbstractTransferListenerAdapter - Downloading https://repo.maven.apache.org/maven2/org/springframework/spring-core/5.3.26/spring-core-5.3.26-sources.jar
2023-03-25 23:12:41,098 [Worker-4: Download sources and javadoc] INFO  o.e.m.c.i.e.AbstractTransferListenerAdapter - Downloaded https://repo.maven.apache.org/maven2/org/springframework/spring-core/5.3.26/spring-core-5.3.26-sources.jar
2023-03-25 23:12:41,103 [Worker-4: Download sources and javadoc] INFO  o.e.m.j.internal.DownloadSourcesJob - Downloaded sources for org.springframework:spring-core:5.3.26
2023-03-25 23:12:41,200 [Worker-4: Download sources and javadoc] INFO  o.e.m.c.i.e.AbstractTransferListenerAdapter - Downloading https://repo.maven.apache.org/maven2/org/springframework/spring-jcl/5.3.26/spring-jcl-5.3.26-sources.jar
2023-03-25 23:12:41,434 [Worker-4: Download sources and javadoc] INFO  o.e.m.c.i.e.AbstractTransferListenerAdapter - Downloaded https://repo.maven.apache.org/maven2/org/springframework/spring-jcl/5.3.26/spring-jcl-5.3.26-sources.jar
2023-03-25 23:12:41,438 [Worker-4: Download sources and javadoc] INFO  o.e.m.j.internal.DownloadSourcesJob - Downloaded sources for org.springframework:spring-jcl:5.3.26
2023-03-25 23:12:41,553 [Worker-4: Download sources and javadoc] INFO  o.e.m.c.i.e.AbstractTransferListenerAdapter - Downloading https://repo.maven.apache.org/maven2/org/springframework/spring-test/5.3.26/spring-test-5.3.26-sources.jar
2023-03-25 23:12:41,695 [Worker-4: Download sources and javadoc] INFO  o.e.m.c.i.e.AbstractTransferListenerAdapter - Downloaded https://repo.maven.apache.org/maven2/org/springframework/spring-test/5.3.26/spring-test-5.3.26-sources.jar
2023-03-25 23:12:41,701 [Worker-4: Download sources and javadoc] INFO  o.e.m.j.internal.DownloadSourcesJob - Downloaded sources for org.springframework:spring-test:5.3.26
